2024-11-07 00:38:54 INFO  [Test worker] c.d.demo.DemoApplicationTests - Starting DemoApplicationTests using Java 21.0.5 with PID 16464 (started by goura in D:\drone\demo)
2024-11-07 00:38:54 DEBUG [Test worker] c.d.demo.DemoApplicationTests - Running with Spring Boot v3.3.5, Spring v6.1.14
2024-11-07 00:38:54 INFO  [Test worker] c.d.demo.DemoApplicationTests - No active profile set, falling back to 1 default profile: "default"
2024-11-07 00:38:55 INFO  [Test worker] o.s.b.a.w.s.WelcomePageHandlerMapping - Adding welcome page template: index
2024-11-07 00:38:56 INFO  [Test worker] c.d.demo.DemoApplicationTests - Started DemoApplicationTests in 1.653 seconds (process running for 2.524)
2024-11-07 00:39:30 INFO  [main] c.droneserver.demo.DemoApplication - Starting DemoApplication v0.0.1-SNAPSHOT using Java 21.0.5 with PID 14948 (D:\drone\demo\build\libs\demo-0.0.1-SNAPSHOT.jar started by goura in D:\drone\demo)
2024-11-07 00:39:30 DEBUG [main] c.droneserver.demo.DemoApplication - Running with Spring Boot v3.3.5, Spring v6.1.14
2024-11-07 00:39:30 INFO  [main] c.droneserver.demo.DemoApplication - No active profile set, falling back to 1 default profile: "default"
2024-11-07 00:39:31 INFO  [main] o.s.b.w.e.tomcat.TomcatWebServer - Tomcat initialized with port 80 (http)
2024-11-07 00:39:31 INFO  [main] o.a.catalina.core.StandardService - Starting service [Tomcat]
2024-11-07 00:39:31 INFO  [main] o.a.catalina.core.StandardEngine - Starting Servlet engine: [Apache Tomcat/10.1.31]
2024-11-07 00:39:31 INFO  [main] o.a.c.c.C.[Tomcat].[localhost].[/] - Initializing Spring embedded WebApplicationContext
2024-11-07 00:39:31 INFO  [main] o.s.b.w.s.c.ServletWebServerApplicationContext - Root WebApplicationContext: initialization completed in 721 ms
2024-11-07 00:39:31 INFO  [main] o.s.b.a.w.s.WelcomePageHandlerMapping - Adding welcome page template: index
2024-11-07 00:39:32 INFO  [main] o.s.b.w.e.tomcat.TomcatWebServer - Tomcat started on port 80 (http) with context path '/'
2024-11-07 00:39:32 INFO  [main] c.droneserver.demo.DemoApplication - Started DemoApplication in 1.72 seconds (process running for 2.09)
2024-11-07 00:39:51 INFO  [main] c.droneserver.demo.DemoApplication - Starting DemoApplication v0.0.1-SNAPSHOT using Java 21.0.5 with PID 17500 (D:\drone\demo\build\libs\demo-0.0.1-SNAPSHOT.jar started by goura in D:\drone\demo)
2024-11-07 00:39:51 DEBUG [main] c.droneserver.demo.DemoApplication - Running with Spring Boot v3.3.5, Spring v6.1.14
2024-11-07 00:39:51 INFO  [main] c.droneserver.demo.DemoApplication - No active profile set, falling back to 1 default profile: "default"
2024-11-07 00:39:52 INFO  [main] o.s.b.w.e.tomcat.TomcatWebServer - Tomcat initialized with port 80 (http)
2024-11-07 00:39:52 INFO  [main] o.a.catalina.core.StandardService - Starting service [Tomcat]
2024-11-07 00:39:52 INFO  [main] o.a.catalina.core.StandardEngine - Starting Servlet engine: [Apache Tomcat/10.1.31]
2024-11-07 00:39:52 INFO  [main] o.a.c.c.C.[Tomcat].[localhost].[/] - Initializing Spring embedded WebApplicationContext
2024-11-07 00:39:52 INFO  [main] o.s.b.w.s.c.ServletWebServerApplicationContext - Root WebApplicationContext: initialization completed in 751 ms
2024-11-07 00:39:52 INFO  [main] o.s.b.a.w.s.WelcomePageHandlerMapping - Adding welcome page template: index
2024-11-07 00:39:52 INFO  [main] o.s.b.w.e.tomcat.TomcatWebServer - Tomcat started on port 80 (http) with context path '/'
2024-11-07 00:39:52 INFO  [main] c.droneserver.demo.DemoApplication - Started DemoApplication in 1.749 seconds (process running for 2.129)
2024-11-07 19:45:49 INFO  [Test worker] c.d.demo.DemoApplicationTests - Starting DemoApplicationTests using Java 21.0.5 with PID 18140 (started by goura in D:\drone\demo)
2024-11-07 19:45:49 DEBUG [Test worker] c.d.demo.DemoApplicationTests - Running with Spring Boot v3.3.5, Spring v6.1.14
2024-11-07 19:45:49 INFO  [Test worker] c.d.demo.DemoApplicationTests - No active profile set, falling back to 1 default profile: "default"
2024-11-07 19:45:50 INFO  [Test worker] o.s.b.a.w.s.WelcomePageHandlerMapping - Adding welcome page template: index
2024-11-07 19:45:51 INFO  [Test worker] c.d.demo.DemoApplicationTests - Started DemoApplicationTests in 2.141 seconds (process running for 3.335)
